cl : Command line warning D9035: option 'Gm' has been deprecated and will be removed in a future release
  objects.cpp
c:\users\denethor\documents\github\wzr3\objects.h(6): warning C4091: 'extern ': ignored on left of 'Terrain' when no variable is declared
c:\users\denethor\documents\github\wzr3\objects.cpp(73): warning C4305: '=': truncation from 'double' to 'float'
c:\users\denethor\documents\github\wzr3\objects.cpp(76): warning C4244: '=': conversion from 'double' to 'float', possible loss of data
c:\users\denethor\documents\github\wzr3\objects.cpp(78): warning C4305: '=': truncation from 'double' to 'float'
c:\users\denethor\documents\github\wzr3\objects.cpp(82): warning C4305: '=': truncation from 'double' to 'float'
c:\users\denethor\documents\github\wzr3\objects.cpp(88): warning C4244: '=': conversion from 'double' to 'float', possible loss of data
c:\users\denethor\documents\github\wzr3\objects.cpp(100): warning C4305: 'argument': truncation from 'double' to 'float'
c:\users\denethor\documents\github\wzr3\objects.cpp(104): warning C4244: '=': conversion from 'double' to 'float', possible loss of data
c:\users\denethor\documents\github\wzr3\objects.cpp(105): warning C4244: '=': conversion from 'double' to 'float', possible loss of data
c:\users\denethor\documents\github\wzr3\objects.cpp(106): warning C4244: '=': conversion from 'double' to 'float', possible loss of data
c:\users\denethor\documents\github\wzr3\objects.cpp(170): warning C4305: 'initializing': truncation from 'double' to 'float'
c:\users\denethor\documents\github\wzr3\objects.cpp(172): warning C4305: 'initializing': truncation from 'double' to 'float'
c:\users\denethor\documents\github\wzr3\objects.cpp(173): warning C4305: 'initializing': truncation from 'double' to 'float'
c:\users\denethor\documents\github\wzr3\objects.cpp(174): warning C4305: 'initializing': truncation from 'double' to 'float'
c:\users\denethor\documents\github\wzr3\objects.cpp(230): warning C4244: '=': conversion from 'double' to 'float', possible loss of data
c:\users\denethor\documents\github\wzr3\objects.cpp(232): warning C4244: 'argument': conversion from 'int' to 'float', possible loss of data
c:\users\denethor\documents\github\wzr3\objects.cpp(249): warning C4244: 'initializing': conversion from 'double' to 'float', possible loss of data
c:\users\denethor\documents\github\wzr3\objects.cpp(313): warning C4305: 'argument': truncation from 'double' to 'float'
c:\users\denethor\documents\github\wzr3\objects.cpp(339): warning C4244: '=': conversion from 'double' to 'float', possible loss of data
c:\users\denethor\documents\github\wzr3\objects.cpp(430): warning C4244: 'argument': conversion from 'double' to 'float', possible loss of data
c:\users\denethor\documents\github\wzr3\objects.cpp(592): warning C4244: 'initializing': conversion from 'double' to 'float', possible loss of data
c:\users\denethor\documents\github\wzr3\objects.cpp(647): warning C4244: 'initializing': conversion from 'double' to 'float', possible loss of data
c:\users\denethor\documents\github\wzr3\objects.cpp(671): warning C4244: 'initializing': conversion from 'float' to 'long', possible loss of data
c:\users\denethor\documents\github\wzr3\objects.cpp(730): warning C4244: '=': conversion from 'float' to 'long', possible loss of data
c:\users\denethor\documents\github\wzr3\objects.cpp(698): warning C4996: 'sprintf': This function or variable may be unsafe. Consider using sprintf_s instead. To disable deprecation, use _CRT_SECURE_NO_WARNINGS. See online help for details.
  c:\program files (x86)\windows kits\10\include\10.0.17763.0\ucrt\stdio.h(1774): note: see declaration of 'sprintf'
c:\users\denethor\documents\github\wzr3\objects.cpp(703): warning C4996: 'sprintf': This function or variable may be unsafe. Consider using sprintf_s instead. To disable deprecation, use _CRT_SECURE_NO_WARNINGS. See online help for details.
  c:\program files (x86)\windows kits\10\include\10.0.17763.0\ucrt\stdio.h(1774): note: see declaration of 'sprintf'
c:\users\denethor\documents\github\wzr3\objects.cpp(810): warning C4244: 'argument': conversion from 'double' to 'GLfloat', possible loss of data
c:\users\denethor\documents\github\wzr3\objects.cpp(819): warning C4305: 'initializing': truncation from 'double' to 'float'
c:\users\denethor\documents\github\wzr3\objects.cpp(829): warning C4305: 'argument': truncation from 'double' to 'GLfloat'
c:\users\denethor\documents\github\wzr3\objects.cpp(893): warning C4244: 'initializing': conversion from 'double' to 'int', possible loss of data
c:\users\denethor\documents\github\wzr3\objects.cpp(975): warning C4244: 'initializing': conversion from 'double' to 'long', possible loss of data
c:\users\denethor\documents\github\wzr3\objects.cpp(1059): warning C4244: 'initializing': conversion from 'double' to 'long', possible loss of data
c:\users\denethor\documents\github\wzr3\objects.cpp(1079): warning C4244: 'argument': conversion from 'double' to 'float', possible loss of data
c:\users\denethor\documents\github\wzr3\objects.cpp(1277): warning C4996: 'sprintf': This function or variable may be unsafe. Consider using sprintf_s instead. To disable deprecation, use _CRT_SECURE_NO_WARNINGS. See online help for details.
  c:\program files (x86)\windows kits\10\include\10.0.17763.0\ucrt\stdio.h(1774): note: see declaration of 'sprintf'
c:\users\denethor\documents\github\wzr3\objects.cpp(1281): warning C4996: 'sprintf': This function or variable may be unsafe. Consider using sprintf_s instead. To disable deprecation, use _CRT_SECURE_NO_WARNINGS. See online help for details.
  c:\program files (x86)\windows kits\10\include\10.0.17763.0\ucrt\stdio.h(1774): note: see declaration of 'sprintf'
c:\users\denethor\documents\github\wzr3\objects.cpp(1318): warning C4996: 'fopen': This function or variable may be unsafe. Consider using fopen_s instead. To disable deprecation, use _CRT_SECURE_NO_WARNINGS. See online help for details.
  c:\program files (x86)\windows kits\10\include\10.0.17763.0\ucrt\stdio.h(208): note: see declaration of 'fopen'
c:\users\denethor\documents\github\wzr3\objects.cpp(1398): warning C4996: 'fopen': This function or variable may be unsafe. Consider using fopen_s instead. To disable deprecation, use _CRT_SECURE_NO_WARNINGS. See online help for details.
  c:\program files (x86)\windows kits\10\include\10.0.17763.0\ucrt\stdio.h(208): note: see declaration of 'fopen'
c:\users\denethor\documents\github\wzr3\objects.cpp(1456): warning C4996: 'fopen': This function or variable may be unsafe. Consider using fopen_s instead. To disable deprecation, use _CRT_SECURE_NO_WARNINGS. See online help for details.
  c:\program files (x86)\windows kits\10\include\10.0.17763.0\ucrt\stdio.h(208): note: see declaration of 'fopen'
c:\users\denethor\documents\github\wzr3\objects.cpp(1463): warning C4996: 'fopen': This function or variable may be unsafe. Consider using fopen_s instead. To disable deprecation, use _CRT_SECURE_NO_WARNINGS. See online help for details.
  c:\program files (x86)\windows kits\10\include\10.0.17763.0\ucrt\stdio.h(208): note: see declaration of 'fopen'
c:\users\denethor\documents\github\wzr3\objects.cpp(1492): warning C4244: 'initializing': conversion from 'double' to 'float', possible loss of data
c:\users\denethor\documents\github\wzr3\objects.cpp(1500): warning C4244: 'initializing': conversion from 'double' to 'float', possible loss of data
c:\users\denethor\documents\github\wzr3\objects.cpp(1510): warning C4244: 'initializing': conversion from 'double' to 'float', possible loss of data
c:\users\denethor\documents\github\wzr3\objects.cpp(1511): warning C4244: 'initializing': conversion from 'double' to 'float', possible loss of data
c:\users\denethor\documents\github\wzr3\objects.cpp(1581): warning C4305: 'argument': truncation from 'double' to 'float'
c:\users\denethor\documents\github\wzr3\objects.cpp(1582): warning C4244: '=': conversion from 'double' to 'float', possible loss of data
c:\users\denethor\documents\github\wzr3\objects.cpp(1590): warning C4305: 'argument': truncation from 'double' to 'float'
c:\users\denethor\documents\github\wzr3\objects.cpp(1604): warning C4244: '=': conversion from 'double' to 'float', possible loss of data
c:\users\denethor\documents\github\wzr3\objects.cpp(1663): warning C4477: 'fprintf' : format string '%d' requires an argument of type 'int', but variadic argument 1 has type 'Przedmiot *'
c:\users\denethor\documents\github\wzr3\objects.cpp(1718): warning C4996: 'sprintf': This function or variable may be unsafe. Consider using sprintf_s instead. To disable deprecation, use _CRT_SECURE_NO_WARNINGS. See online help for details.
  c:\program files (x86)\windows kits\10\include\10.0.17763.0\ucrt\stdio.h(1774): note: see declaration of 'sprintf'
c:\users\denethor\documents\github\wzr3\objects.cpp(1721): warning C4996: 'sprintf': This function or variable may be unsafe. Consider using sprintf_s instead. To disable deprecation, use _CRT_SECURE_NO_WARNINGS. See online help for details.
  c:\program files (x86)\windows kits\10\include\10.0.17763.0\ucrt\stdio.h(1774): note: see declaration of 'sprintf'
c:\users\denethor\documents\github\wzr3\objects.cpp(1889): warning C4244: 'argument': conversion from 'double' to 'float', possible loss of data
c:\users\denethor\documents\github\wzr3\objects.cpp(2000): warning C4477: 'fprintf' : format string '%d' requires an argument of type 'int', but variadic argument 1 has type 'Przedmiot *'
c:\users\denethor\documents\github\wzr3\objects.cpp(2162): warning C4477: 'fprintf' : format string '%d' requires an argument of type 'int', but variadic argument 1 has type 'Przedmiot *'
c:\users\denethor\documents\github\wzr3\objects.cpp(2291): warning C4244: 'initializing': conversion from 'float' to 'long', possible loss of data
c:\users\denethor\documents\github\wzr3\objects.cpp(2312): warning C4244: 'initializing': conversion from 'double' to 'float', possible loss of data
c:\users\denethor\documents\github\wzr3\objects.cpp(2313): warning C4244: 'initializing': conversion from 'double' to 'float', possible loss of data
c:\users\denethor\documents\github\wzr3\objects.cpp(2349): warning C4244: '=': conversion from 'double' to 'long', possible loss of data
c:\users\denethor\documents\github\wzr3\objects.cpp(2359): warning C4244: '=': conversion from 'double' to 'long', possible loss of data
c:\users\denethor\documents\github\wzr3\objects.cpp(2385): warning C4244: 'argument': conversion from 'double' to 'float', possible loss of data
c:\users\denethor\documents\github\wzr3\objects.cpp(2558): warning C4244: 'initializing': conversion from 'double' to 'float', possible loss of data
c:\users\denethor\documents\github\wzr3\objects.cpp(2563): warning C4244: 'argument': conversion from 'double' to 'GLfloat', possible loss of data
c:\users\denethor\documents\github\wzr3\objects.cpp(2578): warning C4305: 'argument': truncation from 'double' to 'GLfloat'
c:\users\denethor\documents\github\wzr3\objects.cpp(2594): warning C4244: 'argument': conversion from 'double' to 'GLfloat', possible loss of data
c:\users\denethor\documents\github\wzr3\objects.cpp(2612): warning C4305: 'argument': truncation from 'double' to 'GLfloat'
c:\users\denethor\documents\github\wzr3\objects.cpp(2619): warning C4305: 'initializing': truncation from 'double' to 'float'
c:\users\denethor\documents\github\wzr3\objects.cpp(2620): warning C4305: 'initializing': truncation from 'double' to 'float'
c:\users\denethor\documents\github\wzr3\objects.cpp(2628): warning C4838: conversion from 'double' to 'GLfloat' requires a narrowing conversion
c:\users\denethor\documents\github\wzr3\objects.cpp(2628): warning C4244: 'initializing': conversion from 'double' to 'GLfloat', possible loss of data
c:\users\denethor\documents\github\wzr3\objects.cpp(2629): warning C4838: conversion from 'double' to 'GLfloat' requires a narrowing conversion
c:\users\denethor\documents\github\wzr3\objects.cpp(2629): warning C4244: 'initializing': conversion from 'double' to 'GLfloat', possible loss of data
c:\users\denethor\documents\github\wzr3\objects.cpp(2638): warning C4244: 'argument': conversion from 'double' to 'GLfloat', possible loss of data
c:\users\denethor\documents\github\wzr3\objects.cpp(2671): warning C4838: conversion from 'double' to 'GLfloat' requires a narrowing conversion
c:\users\denethor\documents\github\wzr3\objects.cpp(2671): warning C4244: 'initializing': conversion from 'double' to 'GLfloat', possible loss of data
c:\users\denethor\documents\github\wzr3\objects.cpp(2680): warning C4244: 'argument': conversion from 'double' to 'GLfloat', possible loss of data
c:\users\denethor\documents\github\wzr3\objects.cpp(2714): warning C4838: conversion from 'double' to 'GLfloat' requires a narrowing conversion
c:\users\denethor\documents\github\wzr3\objects.cpp(2714): warning C4244: 'initializing': conversion from 'double' to 'GLfloat', possible loss of data
c:\users\denethor\documents\github\wzr3\objects.cpp(2725): warning C4244: 'argument': conversion from 'double' to 'GLfloat', possible loss of data
c:\users\denethor\documents\github\wzr3\objects.cpp(2749): warning C4244: 'argument': conversion from 'double' to 'GLfloat', possible loss of data
c:\users\denethor\documents\github\wzr3\objects.cpp(2750): warning C4244: 'argument': conversion from 'double' to 'GLfloat', possible loss of data
c:\users\denethor\documents\github\wzr3\objects.cpp(2758): warning C4838: conversion from 'double' to 'GLfloat' requires a narrowing conversion
c:\users\denethor\documents\github\wzr3\objects.cpp(2758): warning C4244: 'initializing': conversion from 'double' to 'GLfloat', possible loss of data
c:\users\denethor\documents\github\wzr3\objects.cpp(2768): warning C4244: 'argument': conversion from 'double' to 'GLfloat', possible loss of data
c:\users\denethor\documents\github\wzr3\objects.cpp(2789): warning C4244: 'initializing': conversion from 'double' to 'float', possible loss of data
c:\users\denethor\documents\github\wzr3\objects.cpp(2795): warning C4244: 'initializing': conversion from 'double' to 'float', possible loss of data
c:\users\denethor\documents\github\wzr3\objects.cpp(2804): warning C4244: 'initializing': conversion from 'double' to 'float', possible loss of data
c:\users\denethor\documents\github\wzr3\objects.cpp(2811): warning C4244: 'argument': conversion from 'double' to 'GLfloat', possible loss of data
c:\users\denethor\documents\github\wzr3\objects.cpp(2816): warning C4244: 'initializing': conversion from 'double' to 'float', possible loss of data
c:\users\denethor\documents\github\wzr3\objects.cpp(2850): warning C4305: 'argument': truncation from 'double' to 'GLfloat'
c:\users\denethor\documents\github\wzr3\objects.cpp(2882): warning C4305: 'argument': truncation from 'double' to 'GLfloat'
c:\users\denethor\documents\github\wzr3\objects.cpp(2967): warning C4305: 'argument': truncation from 'double' to 'GLfloat'
  wzr_vis.vcxproj -> C:\Users\Denethor\Documents\GitHub\WZR3\Debug\wzr_vis.exe
